<?xml version="1.0" encoding="UTF-8"?>
<testsuite xmlns:xsi="http://www.w3.org/2001/XMLSchema-instance" xsi:noNamespaceSchemaLocation="https://maven.apache.org/surefire/maven-surefire-plugin/xsd/surefire-test-report.xsd" name="wethinkcode.schedule.ScheduleServiceTest" time="2.379" tests="2" errors="0" skipped="0" failures="0">
  <properties>
[...]
</properties>
  <testcase name="testSchedule_nonexistentTown" classname="wethinkcode.schedule.ScheduleServiceTest" time="0.631"/>
  <testcase name="testSchedule_someTown" classname="wethinkcode.schedule.ScheduleServiceTest" time="0.007"/>
</testsuite>